[2022-05-14T11:48:32.895] [DEBUG] cheese - login => username:admin,password:123456
[2022-05-14T11:48:32.897] [DEBUG] cheese - admin
[2022-05-14T11:48:32.915] [DEBUG] cheese - null
[2022-05-14T11:48:32.917] [DEBUG] cheese - null
[2022-05-14T19:03:21.685] [DEBUG] cheese - login => username:admin,password:123456
[2022-05-14T19:03:21.686] [DEBUG] cheese - admin
[2022-05-14T19:03:21.996] [DEBUG] cheese - null
[2022-05-14T19:03:21.996] [DEBUG] cheese - null
[2022-05-15T00:23:17.734] [DEBUG] cheese - login => username:admin,password:123456
[2022-05-15T00:23:17.736] [DEBUG] cheese - admin
[2022-05-15T00:23:17.758] [DEBUG] cheese - null
[2022-05-15T00:23:17.759] [DEBUG] cheese - null
[2022-05-15T00:23:22.948] [DEBUG] cheese - login => username:admin,password:123456
[2022-05-15T00:23:22.948] [DEBUG] cheese - admin
[2022-05-15T00:23:22.952] [DEBUG] cheese - null
[2022-05-15T00:23:22.952] [DEBUG] cheese - null
[2022-05-15T00:29:03.239] [DEBUG] cheese - login => username:admin,password:123456
[2022-05-15T00:29:03.239] [DEBUG] cheese - admin
[2022-05-15T00:29:03.242] [DEBUG] cheese - null
[2022-05-15T00:29:03.242] [DEBUG] cheese - null
[2022-05-15T00:29:06.932] [DEBUG] cheese - login => username:admin,password:123456
[2022-05-15T00:29:06.933] [DEBUG] cheese - admin
[2022-05-15T00:29:06.936] [DEBUG] cheese - null
[2022-05-15T00:29:06.936] [DEBUG] cheese - null
[2022-05-15T00:30:25.239] [DEBUG] cheese - login => username:admin,password:123456
[2022-05-15T00:30:25.240] [DEBUG] cheese - admin
[2022-05-15T00:30:25.243] [DEBUG] cheese - null
[2022-05-15T00:30:25.243] [DEBUG] cheese - null
[2022-05-15T00:30:27.425] [DEBUG] cheese - login => username:admin,password:123456
[2022-05-15T00:30:27.425] [DEBUG] cheese - admin
[2022-05-15T00:30:27.429] [DEBUG] cheese - null
[2022-05-15T00:30:27.429] [DEBUG] cheese - null
[2022-05-15T00:30:30.370] [DEBUG] cheese - login => username:admin1,password:123456
[2022-05-15T00:30:30.371] [DEBUG] cheese - admin1
[2022-05-15T00:30:30.374] [DEBUG] cheese - null
[2022-05-15T00:30:30.374] [DEBUG] cheese - null
[2022-05-15T00:30:32.145] [DEBUG] cheese - login => username:admin1,password:1234561
[2022-05-15T00:30:32.145] [DEBUG] cheese - admin1
[2022-05-15T00:30:32.147] [DEBUG] cheese - null
[2022-05-15T00:30:32.147] [DEBUG] cheese - null
[2022-05-15T00:30:32.713] [DEBUG] cheese - login => username:admin1,password:1234561
[2022-05-15T00:30:32.713] [DEBUG] cheese - admin1
[2022-05-15T00:30:32.716] [DEBUG] cheese - null
[2022-05-15T00:30:32.716] [DEBUG] cheese - null
[2022-05-15T00:30:32.849] [DEBUG] cheese - login => username:admin1,password:1234561
[2022-05-15T00:30:32.849] [DEBUG] cheese - admin1
[2022-05-15T00:30:32.852] [DEBUG] cheese - null
[2022-05-15T00:30:32.852] [DEBUG] cheese - null
[2022-05-15T00:30:42.410] [DEBUG] cheese - login => username:admin1,password:1234561
[2022-05-15T00:30:42.411] [DEBUG] cheese - admin1
[2022-05-15T00:30:42.459] [DEBUG] cheese - null
[2022-05-15T00:30:42.460] [DEBUG] cheese - null
[2022-05-15T00:30:49.655] [DEBUG] cheese - login => username:admin,password:123456
[2022-05-15T00:30:49.656] [DEBUG] cheese - admin
[2022-05-15T00:30:49.662] [DEBUG] cheese - null
[2022-05-15T00:30:49.662] [DEBUG] cheese - null
[2022-05-15T00:30:52.116] [DEBUG] cheese - login => username:admin,password:123456
[2022-05-15T00:30:52.116] [DEBUG] cheese - admin
[2022-05-15T00:30:52.118] [DEBUG] cheese - null
[2022-05-15T00:30:52.118] [DEBUG] cheese - null
[2022-05-15T00:30:53.562] [DEBUG] cheese - login => username:admin1,password:123456
[2022-05-15T00:30:53.562] [DEBUG] cheese - admin1
[2022-05-15T00:30:53.566] [DEBUG] cheese - null
[2022-05-15T00:30:53.566] [DEBUG] cheese - null
[2022-05-15T00:31:21.201] [DEBUG] cheese - login => username:admin1,password:123456
[2022-05-15T00:31:21.202] [DEBUG] cheese - admin1
[2022-05-15T00:31:21.205] [DEBUG] cheese - null
[2022-05-15T00:31:21.205] [DEBUG] cheese - null
[2022-05-15T00:32:00.112] [DEBUG] cheese - login => username:admin,password:123456
[2022-05-15T00:32:00.113] [DEBUG] cheese - admin
[2022-05-15T00:32:00.117] [DEBUG] cheese - null
[2022-05-15T00:32:00.118] [DEBUG] cheese - null
[2022-05-15T00:32:02.240] [DEBUG] cheese - login => username:admin1,password:123456
[2022-05-15T00:32:02.240] [DEBUG] cheese - admin1
[2022-05-15T00:32:02.245] [DEBUG] cheese - null
[2022-05-15T00:32:02.245] [DEBUG] cheese - null
[2022-05-15T00:32:22.113] [DEBUG] cheese - login => username:admin1,password:123456
[2022-05-15T00:32:22.113] [DEBUG] cheese - admin1
[2022-05-15T00:32:22.116] [DEBUG] cheese - null
[2022-05-15T00:32:22.116] [DEBUG] cheese - null
[2022-05-15T00:33:15.535] [DEBUG] cheese - login => username:admin111,password:123456
[2022-05-15T00:33:15.535] [DEBUG] cheese - admin111
[2022-05-15T00:33:15.540] [DEBUG] cheese - null
[2022-05-15T00:33:15.541] [DEBUG] cheese - null
[2022-05-15T00:33:21.897] [DEBUG] cheese - login => username:admin,password:123456
[2022-05-15T00:33:21.898] [DEBUG] cheese - admin
[2022-05-15T00:33:21.900] [DEBUG] cheese - null
[2022-05-15T00:33:21.900] [DEBUG] cheese - null
[2022-05-15T00:33:51.769] [DEBUG] cheese - login => username:admin,password:123456
[2022-05-15T00:33:51.769] [DEBUG] cheese - admin
[2022-05-15T00:33:51.773] [DEBUG] cheese - null
[2022-05-15T00:33:51.774] [DEBUG] cheese - null
[2022-05-15T00:34:00.035] [DEBUG] cheese - login => username:admin,password:123456
[2022-05-15T00:34:00.036] [DEBUG] cheese - admin
[2022-05-15T00:34:00.038] [DEBUG] cheese - null
[2022-05-15T00:34:00.038] [DEBUG] cheese - null
[2022-05-15T00:34:39.988] [DEBUG] cheese - login => username:admin,password:123456
[2022-05-15T00:34:39.988] [DEBUG] cheese - admin
[2022-05-15T00:34:39.991] [DEBUG] cheese - null
[2022-05-15T00:34:39.991] [DEBUG] cheese - null
[2022-05-15T00:35:24.438] [DEBUG] cheese - login => username:admin,password:123456
[2022-05-15T00:35:24.438] [DEBUG] cheese - admin
[2022-05-15T00:35:24.450] [DEBUG] cheese - null
[2022-05-15T00:35:24.451] [DEBUG] cheese - null
[2022-05-15T00:35:31.047] [DEBUG] cheese - login => username:admin,password:123456
[2022-05-15T00:35:31.047] [DEBUG] cheese - admin
[2022-05-15T00:35:31.049] [DEBUG] cheese - null
[2022-05-15T00:35:31.049] [DEBUG] cheese - null
[2022-05-15T01:23:16.878] [DEBUG] cheese - login => username:admin,password:123456
[2022-05-15T01:23:16.878] [DEBUG] cheese - admin
[2022-05-15T01:23:16.884] [DEBUG] cheese - null
[2022-05-15T01:23:16.884] [DEBUG] cheese - null
[2022-05-15T01:51:27.705] [DEBUG] cheese - login => username:admin,password:123456
[2022-05-15T01:51:27.705] [DEBUG] cheese - admin
[2022-05-15T01:51:27.709] [DEBUG] cheese - null
[2022-05-15T01:51:27.710] [DEBUG] cheese - null
[2022-05-15T01:55:17.495] [DEBUG] cheese - login => username:admin,password:123456
[2022-05-15T01:55:17.496] [DEBUG] cheese - admin
[2022-05-15T01:55:17.501] [DEBUG] cheese - null
[2022-05-15T01:55:17.501] [DEBUG] cheese - null
[2022-05-15T01:59:03.822] [DEBUG] cheese - login => username:admin,password:123456
[2022-05-15T01:59:03.822] [DEBUG] cheese - admin
[2022-05-15T01:59:03.824] [DEBUG] cheese - null
[2022-05-15T01:59:03.824] [DEBUG] cheese - null
[2022-05-15T12:05:01.864] [DEBUG] cheese - login => username:admin,password:123456
[2022-05-15T12:05:01.866] [DEBUG] cheese - admin
[2022-05-15T12:05:01.880] [DEBUG] cheese - null
[2022-05-15T12:05:01.880] [DEBUG] cheese - null
[2022-05-15T12:25:53.672] [DEBUG] cheese - login => username:admin,password:123456
[2022-05-15T12:25:53.673] [DEBUG] cheese - admin
[2022-05-15T12:25:53.678] [DEBUG] cheese - null
[2022-05-15T12:25:53.678] [DEBUG] cheese - null
[2022-05-15T12:40:56.345] [DEBUG] cheese - login => username:admin,password:123456
[2022-05-15T12:40:56.345] [DEBUG] cheese - admin
[2022-05-15T12:40:56.347] [DEBUG] cheese - null
[2022-05-15T12:40:56.347] [DEBUG] cheese - null
[2022-05-15T15:14:53.308] [DEBUG] cheese - login => username:admin,password:123456
[2022-05-15T15:14:53.310] [DEBUG] cheese - admin
[2022-05-15T15:14:53.332] [DEBUG] cheese - null
[2022-05-15T15:14:53.332] [DEBUG] cheese - null
[2022-05-15T19:15:16.194] [DEBUG] cheese - login => username:admin,password:123456
[2022-05-15T19:15:16.196] [DEBUG] cheese - admin
[2022-05-15T19:15:16.218] [DEBUG] cheese - null
[2022-05-15T19:15:16.218] [DEBUG] cheese - null
[2022-05-15T23:30:31.132] [DEBUG] cheese - login => username:admin,password:123456
[2022-05-15T23:30:31.135] [DEBUG] cheese - admin
[2022-05-15T23:30:31.174] [DEBUG] cheese - null
[2022-05-15T23:30:31.174] [DEBUG] cheese - null
[2022-05-23T23:43:36.715] [DEBUG] cheese - login => username:admin,password:123456
[2022-05-23T23:43:36.717] [DEBUG] cheese - admin
[2022-05-23T23:43:37.173] [DEBUG] cheese - null
[2022-05-23T23:43:37.174] [DEBUG] cheese - null
[2022-05-24T18:01:52.040] [DEBUG] cheese - login => username:admin,password:123456
[2022-05-24T18:01:52.052] [DEBUG] cheese - admin
[2022-05-24T18:01:52.373] [DEBUG] cheese - null
[2022-05-24T18:01:52.375] [DEBUG] cheese - null
[2022-05-24T18:07:50.634] [DEBUG] cheese - login => username:admin,password:123456
[2022-05-24T18:07:50.634] [DEBUG] cheese - admin
[2022-05-24T18:07:50.636] [DEBUG] cheese - null
[2022-05-24T18:07:50.636] [DEBUG] cheese - null
[2022-05-24T23:44:50.921] [DEBUG] cheese - login => username:admin,password:123456
[2022-05-24T23:44:50.924] [DEBUG] cheese - admin
[2022-05-24T23:44:51.247] [DEBUG] cheese - null
[2022-05-24T23:44:51.247] [DEBUG] cheese - null
